0 info it worked if it ends with ok
1 verbose cli [ '/usr/local/node/bin/node',
1 verbose cli   '/usr/local/node/bin/npm',
1 verbose cli   'install',
1 verbose cli   'ngRoute' ]
2 info using npm@1.4.28
3 info using node@v0.10.32
4 verbose readDependencies using package.json deps
5 verbose cache add [ 'ngRoute', null ]
6 verbose cache add name=undefined spec="ngRoute" args=["ngRoute",null]
7 verbose parsed url { protocol: null,
7 verbose parsed url   slashes: null,
7 verbose parsed url   auth: null,
7 verbose parsed url   host: null,
7 verbose parsed url   port: null,
7 verbose parsed url   hostname: null,
7 verbose parsed url   hash: null,
7 verbose parsed url   search: null,
7 verbose parsed url   query: null,
7 verbose parsed url   pathname: 'ngRoute',
7 verbose parsed url   path: 'ngRoute',
7 verbose parsed url   href: 'ngRoute' }
8 silly lockFile dbd4fa39-ngRoute ngRoute
9 verbose lock ngRoute /Users/joy/.npm/dbd4fa39-ngRoute.lock
10 silly lockFile dbd4fa39-ngRoute ngRoute
11 silly lockFile dbd4fa39-ngRoute ngRoute
12 verbose addNamed [ 'ngRoute', '' ]
13 verbose addNamed [ null, '*' ]
14 silly lockFile c7fabb91-ngRoute ngRoute@
15 verbose lock ngRoute@ /Users/joy/.npm/c7fabb91-ngRoute.lock
16 silly addNameRange { name: 'ngRoute', range: '*', hasData: false }
17 verbose request where is /ngRoute
18 verbose request registry https://registry.npmjs.org/
19 verbose request id 4d806be4729c49e3
20 verbose url raw /ngRoute
21 verbose url resolving [ 'https://registry.npmjs.org/', './ngRoute' ]
22 verbose url resolved https://registry.npmjs.org/ngRoute
23 verbose request where is https://registry.npmjs.org/ngRoute
24 info trying registry request attempt 1 at 10:36:41
25 http GET https://registry.npmjs.org/ngRoute
26 http 404 https://registry.npmjs.org/ngRoute
27 verbose headers { date: 'Fri, 07 Nov 2014 16:36:41 GMT',
27 verbose headers   server: 'CouchDB/1.5.0 (Erlang OTP/R16B03)',
27 verbose headers   'content-type': 'application/json',
27 verbose headers   'cache-control': 'max-age=0',
27 verbose headers   'content-length': '52',
27 verbose headers   'accept-ranges': 'bytes',
27 verbose headers   via: '1.1 varnish',
27 verbose headers   age: '0',
27 verbose headers   'x-served-by': 'cache-jfk1021-JFK',
27 verbose headers   'x-cache': 'MISS',
27 verbose headers   'x-cache-hits': '0',
27 verbose headers   'x-timer': 'S1415378201.651509,VS0,VE22',
27 verbose headers   'keep-alive': 'timeout=10, max=50',
27 verbose headers   connection: 'Keep-Alive' }
28 silly registry.get cb [ 404,
28 silly registry.get   { date: 'Fri, 07 Nov 2014 16:36:41 GMT',
28 silly registry.get     server: 'CouchDB/1.5.0 (Erlang OTP/R16B03)',
28 silly registry.get     'content-type': 'application/json',
28 silly registry.get     'cache-control': 'max-age=0',
28 silly registry.get     'content-length': '52',
28 silly registry.get     'accept-ranges': 'bytes',
28 silly registry.get     via: '1.1 varnish',
28 silly registry.get     age: '0',
28 silly registry.get     'x-served-by': 'cache-jfk1021-JFK',
28 silly registry.get     'x-cache': 'MISS',
28 silly registry.get     'x-cache-hits': '0',
28 silly registry.get     'x-timer': 'S1415378201.651509,VS0,VE22',
28 silly registry.get     'keep-alive': 'timeout=10, max=50',
28 silly registry.get     connection: 'Keep-Alive' } ]
29 silly lockFile c7fabb91-ngRoute ngRoute@
30 silly lockFile c7fabb91-ngRoute ngRoute@
31 error 404 404 Not Found: ngRoute
31 error 404
31 error 404 'ngRoute' is not in the npm registry.
31 error 404 You should bug the author to publish it
31 error 404 It was specified as a dependency of 'JoyP.github.io'
31 error 404
31 error 404 Note that you can also install from a
31 error 404 tarball, folder, or http url, or git url.
32 error System Darwin 13.4.0
33 error command "/usr/local/node/bin/node" "/usr/local/node/bin/npm" "install" "ngRoute"
34 error cwd /Users/joy/Code/JoyP.github.io
35 error node -v v0.10.32
36 error npm -v 1.4.28
37 error code E404
38 verbose exit [ 1, true ]
